00:00:00.367052 VirtualBox GUI VM Selector Window 7.2.0 r170228 linux.amd64 (Aug 14 2025 19:02:36) release log
00:00:00.367055 Log opened 2025-08-22T21:30:42.972795000Z
00:00:00.367057 Build Type: release
00:00:00.367060 OS Product: Linux
00:00:00.367063 OS Release: 6.16.1-arch1-1
00:00:00.367065 OS Version: #1 SMP PREEMPT_DYNAMIC Fri, 15 Aug 2025 16:04:43 +0000
00:00:00.367095 DMI Product Name: OMEN Laptop 15-en0xxx
00:00:00.367110 DMI Product Version: 
00:00:00.367118 Firmware type: UEFI
00:00:00.367241 Secure Boot: Disabled
00:00:00.367292 Host RAM: 31445MB (30.7GB) total, 25423MB (24.8GB) available
00:00:00.367295 Executable: /usr/lib/virtualbox/VirtualBox
00:00:00.367297 Process ID: 301315
00:00:00.367298 Package type: LINUX_64BITS_GENERIC (OSE)
00:00:00.367338 Qt version: 6.9.1
00:00:00.368025 GUI: UIMediumEnumerator: Initial medium-enumeration finished!
00:00:00.387133 GUI: UIMediumEnumerator: Medium-enumeration started...
00:00:01.124214 GUI: UIMediumEnumerator: Medium-enumeration finished!
00:00:01.142846 GUI: UIDesktopWidgetWatchdog::sltHandleHostScreenAvailableGeometryCalculated: Screen 0 work area is actually resized to: 12x54 x 976x1010
00:00:01.144926 GUI: UIDesktopWidgetWatchdog::sltHandleHostScreenAvailableGeometryCalculated: Screen 1 work area is actually resized to: 1004x54 x 900x517
00:13:13.304705 GUI: UICommon: Handling aboutToQuit request..
00:13:13.885651 GUI: UICommon: aboutToQuit request handled!
