2025-02-10 05:42:19 Loading main app package /tmp/.mount_ObsidixMQvqG/resources/obsidian.asar
2025-02-10 05:42:20 Checking for update using Github
2025-02-10 05:42:20 Success.
2025-02-10 05:42:20 Latest version is 1.8.4
2025-02-10 05:42:20 App is up to date.
2025-02-10 05:42:22 Loading main app package /tmp/.mount_ObsidiCww1PO/resources/obsidian.asar
2025-02-10 05:42:22 Checking for update using Github
2025-02-10 19:33:37 Loading main app package /tmp/.mount_Obsidi9PBcYL/resources/obsidian.asar
2025-02-10 19:33:38 Checking for update using Github
2025-02-10 19:33:38 Success.
2025-02-10 19:33:38 Latest version is 1.8.4
2025-02-10 19:33:38 App is up to date.
2025-02-10 19:50:41 Loading main app package /tmp/.mount_Obsidi0oY6DU/resources/obsidian.asar
2025-02-10 19:50:41 Checking for update using Github
2025-02-10 19:50:42 Success.
2025-02-10 19:50:42 Latest version is 1.8.4
2025-02-10 19:50:42 App is up to date.
2025-02-10 21:19:18 Loading main app package /tmp/.mount_ObsididjX5XS/resources/obsidian.asar
2025-02-10 21:19:19 Checking for update using Github
2025-02-10 21:19:19 Success.
2025-02-10 21:19:19 Latest version is 1.8.4
2025-02-10 21:19:19 App is up to date.
2025-02-11 16:28:05 Loading main app package /tmp/.mount_ObsidiTotfOq/resources/obsidian.asar
2025-02-11 16:28:06 Checking for update using Github
2025-02-11 16:28:06 Success.
2025-02-11 16:28:06 Latest version is 1.8.4
2025-02-11 16:28:06 App is up to date.
2025-02-11 17:28:05 Checking for update using Github
2025-02-11 17:28:06 Success.
2025-02-11 17:28:06 Latest version is 1.8.4
2025-02-11 17:28:06 App is up to date.
2025-02-11 18:28:05 Checking for update using Github
2025-02-11 18:28:05 Success.
2025-02-11 18:28:05 Latest version is 1.8.4
2025-02-11 18:28:05 App is up to date.
2025-02-11 18:29:13 Loading main app package /tmp/.mount_ObsidiyAUnmb/resources/obsidian.asar
2025-02-11 18:29:14 Checking for update using Github
2025-02-11 18:29:16 Loading main app package /tmp/.mount_ObsiditlKKIj/resources/obsidian.asar
2025-02-11 18:29:17 Checking for update using Github
2025-02-11 19:28:05 Checking for update using Github
2025-02-11 19:28:06 Success.
2025-02-11 19:28:06 Latest version is 1.8.4
2025-02-11 19:28:06 App is up to date.
2025-02-11 19:43:22 Loading main app package /tmp/.mount_ObsidiUl7oxe/resources/obsidian.asar
2025-02-11 19:43:23 Checking for update using Github
2025-02-11 19:43:23 Success.
2025-02-11 19:43:23 Latest version is 1.8.4
2025-02-11 19:43:23 App is up to date.
2025-02-11 20:12:20 Loading main app package /tmp/.mount_ObsidirLYRAG/resources/obsidian.asar
2025-02-11 20:12:20 Checking for update using Github
2025-02-11 20:12:21 Success.
2025-02-11 20:12:21 Latest version is 1.8.4
2025-02-11 20:12:21 App is up to date.
2025-02-12 15:04:28 Loading main app package /tmp/.mount_Obsidi7scUXO/resources/obsidian.asar
2025-02-12 15:04:29 Checking for update using Github
2025-02-12 15:04:29 Success.
2025-02-12 15:04:29 Latest version is 1.8.4
2025-02-12 15:04:29 App is up to date.
2025-03-21 18:31:55 Loading main app package /usr/lib/obsidian/obsidian.asar
2025-03-21 18:31:56 Checking for update using Github
2025-03-21 18:31:56 Success.
2025-03-21 18:31:56 Latest version is 1.8.9
2025-03-21 18:31:56 App is up to date.
2025-03-21 19:32:21 Loading main app package /usr/lib/obsidian/obsidian.asar
2025-03-21 19:32:21 Checking for update using Github
2025-03-21 19:32:21 Success.
2025-03-21 19:32:21 Latest version is 1.8.9
2025-03-21 19:32:21 App is up to date.
2025-03-22 09:25:57 Loading main app package /usr/lib/obsidian/obsidian.asar
2025-03-22 09:25:58 Checking for update using Github
2025-03-22 09:25:58 Success.
2025-03-22 09:25:58 Latest version is 1.8.9
2025-03-22 09:25:58 App is up to date.
2025-03-22 09:26:34 Loading main app package /usr/lib/obsidian/obsidian.asar
2025-03-22 09:26:35 Checking for update using Github
2025-03-22 09:26:35 Success.
2025-03-22 09:26:35 Latest version is 1.8.9
2025-03-22 09:26:35 App is up to date.
2025-03-27 19:55:08 Loading main app package /usr/lib/obsidian/obsidian.asar
2025-03-27 19:55:08 Checking for update using Github
2025-03-27 19:55:09 Success.
2025-03-27 19:55:09 Latest version is 1.8.9
2025-03-27 19:55:09 App is up to date.
2025-04-01 16:25:51 Loading main app package /usr/lib/obsidian/obsidian.asar
2025-04-01 16:25:51 Checking for update using Github
2025-04-01 16:25:52 Success.
2025-04-01 16:25:52 Latest version is 1.8.9
2025-04-01 16:25:52 App is up to date.
2025-04-03 07:44:14 Loading main app package /usr/lib/obsidian/obsidian.asar
2025-04-03 07:44:14 Checking for update using Github
2025-04-03 07:44:14 Success.
2025-04-03 07:44:14 Latest version is 1.8.9
2025-04-03 07:44:14 App is up to date.
2025-04-03 08:44:14 Checking for update using Github
2025-04-03 08:44:14 Success.
2025-04-03 08:44:14 Latest version is 1.8.9
2025-04-03 08:44:14 App is up to date.
2025-04-03 18:03:56 Loading main app package /usr/lib/obsidian/obsidian.asar
2025-04-03 18:03:56 Checking for update using Github
2025-04-03 18:03:56 Success.
2025-04-03 18:03:56 Latest version is 1.8.9
2025-04-03 18:03:56 App is up to date.
2025-04-03 19:03:56 Checking for update using Github
2025-04-03 19:03:56 Success.
2025-04-03 19:03:56 Latest version is 1.8.9
2025-04-03 19:03:56 App is up to date.
2025-04-03 20:03:56 Checking for update using Github
2025-04-03 20:03:56 Success.
2025-04-03 20:03:56 Latest version is 1.8.9
2025-04-03 20:03:56 App is up to date.
2025-04-03 21:03:56 Checking for update using Github
2025-04-03 21:03:56 Success.
2025-04-03 21:03:56 Latest version is 1.8.9
2025-04-03 21:03:56 App is up to date.
2025-04-04 07:35:33 Loading main app package /usr/lib/obsidian/obsidian.asar
2025-04-04 07:35:34 Checking for update using Github
2025-04-04 07:35:34 Success.
2025-04-04 07:35:34 Latest version is 1.8.9
2025-04-04 07:35:34 App is up to date.
2025-04-04 08:35:33 Checking for update using Github
2025-04-04 08:35:33 Success.
2025-04-04 08:35:33 Latest version is 1.8.9
2025-04-04 08:35:33 App is up to date.
2025-04-04 09:35:33 Checking for update using Github
2025-04-04 09:35:33 Success.
2025-04-04 09:35:33 Latest version is 1.8.9
2025-04-04 09:35:33 App is up to date.
2025-04-04 10:35:33 Checking for update using Github
2025-04-04 10:35:33 Success.
2025-04-04 10:35:33 Latest version is 1.8.9
2025-04-04 10:35:33 App is up to date.
2025-04-04 11:35:33 Checking for update using Github
2025-04-04 11:35:34 Success.
2025-04-04 11:35:34 Latest version is 1.8.9
2025-04-04 11:35:34 App is up to date.
2025-04-09 20:56:17 Loading main app package /usr/lib/obsidian/obsidian.asar
2025-04-09 20:56:18 Checking for update using Github
2025-04-09 20:56:18 Success.
2025-04-09 20:56:18 Latest version is 1.8.9
2025-04-09 20:56:18 App is up to date.
2025-04-10 08:36:26 Loading main app package /usr/lib/obsidian/obsidian.asar
2025-04-10 08:36:27 Checking for update using Github
2025-04-10 08:36:27 Success.
2025-04-10 08:36:27 Latest version is 1.8.9
2025-04-10 08:36:27 App is up to date.
2025-04-10 08:39:52 Loading main app package /usr/lib/obsidian/obsidian.asar
2025-04-10 08:39:52 Checking for update using Github
2025-04-10 08:39:53 Success.
2025-04-10 08:39:53 Latest version is 1.8.9
2025-04-10 08:39:53 App is up to date.
2025-04-10 18:27:50 Loading main app package /usr/lib/obsidian/obsidian.asar
2025-04-10 18:27:50 Checking for update using Github
2025-04-10 18:27:51 Success.
2025-04-10 18:27:51 Latest version is 1.8.9
2025-04-10 18:27:51 App is up to date.
2025-04-10 21:15:17 Loading main app package /usr/lib/obsidian/obsidian.asar
2025-04-10 21:15:18 Checking for update using Github
2025-04-10 21:15:18 Success.
2025-04-10 21:15:18 Latest version is 1.8.9
2025-04-10 21:15:18 App is up to date.
2025-04-11 21:03:06 Loading main app package /usr/lib/obsidian/obsidian.asar
2025-04-11 21:03:06 Checking for update using Github
2025-04-11 21:03:06 Success.
2025-04-11 21:03:06 Latest version is 1.8.9
2025-04-11 21:03:06 App is up to date.
2025-04-20 16:51:22 Loading main app package /usr/lib/obsidian/obsidian.asar
2025-04-20 16:51:22 Checking for update using Github
2025-04-20 16:51:22 Success.
2025-04-20 16:51:22 Latest version is 1.8.9
2025-04-20 16:51:22 App is up to date.
2025-04-20 17:51:22 Checking for update using Github
2025-04-20 17:51:22 Success.
2025-04-20 17:51:22 Latest version is 1.8.9
2025-04-20 17:51:22 App is up to date.
2025-04-20 18:51:22 Checking for update using Github
2025-04-20 18:51:22 Success.
2025-04-20 18:51:22 Latest version is 1.8.9
2025-04-20 18:51:22 App is up to date.
2025-04-20 22:13:39 Loading main app package /usr/lib/obsidian/obsidian.asar
2025-04-20 22:13:40 Checking for update using Github
2025-04-20 22:13:40 Success.
2025-04-20 22:13:40 Latest version is 1.8.9
2025-04-20 22:13:40 App is up to date.
2025-04-21 16:47:11 Loading main app package /usr/lib/obsidian/obsidian.asar
2025-04-21 16:47:12 Checking for update using Github
2025-04-21 16:47:12 Success.
2025-04-21 16:47:12 Latest version is 1.8.9
2025-04-21 16:47:12 App is up to date.
2025-04-21 17:47:11 Checking for update using Github
2025-04-21 17:47:11 Success.
2025-04-21 17:47:11 Latest version is 1.8.9
2025-04-21 17:47:11 App is up to date.
2025-04-21 18:47:11 Checking for update using Github
2025-04-21 18:47:11 Success.
2025-04-21 18:47:11 Latest version is 1.8.9
2025-04-21 18:47:11 App is up to date.
2025-04-21 19:47:11 Checking for update using Github
2025-04-21 19:47:11 Success.
2025-04-21 19:47:11 Latest version is 1.8.9
2025-04-21 19:47:11 App is up to date.
2025-04-21 20:29:16 Loading main app package /usr/lib/obsidian/obsidian.asar
2025-04-21 20:29:17 Checking for update using Github
2025-04-21 20:29:17 Success.
2025-04-21 20:29:17 Latest version is 1.8.9
2025-04-21 20:29:17 App is up to date.
2025-04-22 11:16:06 Loading main app package /usr/lib/obsidian/obsidian.asar
2025-04-22 11:16:07 Checking for update using Github
2025-04-22 11:16:07 Success.
2025-04-22 11:16:07 Latest version is 1.8.9
2025-04-22 11:16:07 App is up to date.
2025-04-22 12:16:06 Checking for update using Github
2025-04-22 12:16:06 Success.
2025-04-22 12:16:06 Latest version is 1.8.9
2025-04-22 12:16:06 App is up to date.
2025-04-22 13:16:06 Checking for update using Github
2025-04-22 13:16:06 Success.
2025-04-22 13:16:06 Latest version is 1.8.9
2025-04-22 13:16:06 App is up to date.
2025-04-22 14:16:06 Checking for update using Github
2025-04-22 14:16:06 Success.
2025-04-22 14:16:06 Latest version is 1.8.9
2025-04-22 14:16:06 App is up to date.
2025-04-22 15:16:06 Checking for update using Github
2025-04-22 15:16:06 Success.
2025-04-22 15:16:06 Latest version is 1.8.10
2025-04-22 15:16:06 Downloading update from https://github.com/obsidianmd/obsidian-releases/releases/download/v1.8.10/obsidian-1.8.10.asar.gz
2025-04-22 15:16:08 Verifying hash & signature. Size= 8128788
2025-04-22 15:16:08 Saving file
2025-04-22 15:16:08 Update complete.
2025-04-22 16:16:06 Checking for update using Github
2025-04-22 16:16:06 Success.
2025-04-22 16:16:06 Latest version is 1.8.10
2025-04-22 16:16:06 An update is already downloaded.
2025-04-22 20:04:43 Loading updated app package /home/andrey/.config/obsidian/obsidian-1.8.10.asar
2025-04-22 20:04:43 Checking for update using Github
2025-04-22 20:04:44 Success.
2025-04-22 20:04:44 Latest version is 1.8.10
2025-04-22 20:04:44 App is up to date.
2025-04-24 18:36:46 Loading updated app package /home/andrey/.config/obsidian/obsidian-1.8.10.asar
2025-04-24 18:36:47 Checking for update using Github
2025-04-24 18:36:47 Success.
2025-04-24 18:36:47 Latest version is 1.8.10
2025-04-24 18:36:47 App is up to date.
2025-04-24 21:55:57 Loading updated app package /home/andrey/.config/obsidian/obsidian-1.8.10.asar
2025-04-24 21:55:57 Checking for update using Github
2025-04-24 21:55:58 Success.
2025-04-24 21:55:58 Latest version is 1.8.10
2025-04-24 21:55:58 App is up to date.
2025-04-24 22:00:49 Loading updated app package /home/andrey/.config/obsidian/obsidian-1.8.10.asar
2025-04-24 22:00:49 Checking for update using Github
2025-04-24 22:00:49 Success.
2025-04-24 22:00:49 Latest version is 1.8.10
2025-04-24 22:00:49 App is up to date.
2025-04-26 18:03:27 Loading main app package /usr/lib/obsidian/obsidian.asar
2025-04-26 18:03:27 Checking for update using Github
2025-04-26 18:03:28 Success.
2025-04-26 18:03:28 Latest version is 1.8.10
2025-04-26 18:03:28 App is up to date.
2025-04-26 19:33:55 Loading main app package /usr/lib/obsidian/obsidian.asar
2025-04-26 19:33:55 Checking for update using Github
2025-04-26 19:33:55 Failed to check for update using Github (net::ERR_INTERNET_DISCONNECTED)
2025-04-26 19:33:55 Checking for update using obsidian.md
2025-04-26 19:33:55 Failed to check for update using obsidian.md (net::ERR_INTERNET_DISCONNECTED)
2025-04-26 19:47:14 Loading main app package /usr/lib/obsidian/obsidian.asar
2025-04-26 19:47:14 Checking for update using Github
2025-04-26 19:47:15 Success.
2025-04-26 19:47:15 Latest version is 1.8.10
2025-04-26 19:47:15 App is up to date.
2025-04-26 21:48:05 Loading main app package /usr/lib/obsidian/obsidian.asar
2025-04-26 21:48:05 Checking for update using Github
2025-04-26 21:48:06 Success.
2025-04-26 21:48:06 Latest version is 1.8.10
2025-04-26 21:48:06 App is up to date.
2025-04-27 12:51:59 Loading main app package /usr/lib/obsidian/obsidian.asar
2025-04-27 12:52:00 Checking for update using Github
2025-04-27 12:52:00 Success.
2025-04-27 12:52:00 Latest version is 1.8.10
2025-04-27 12:52:00 App is up to date.
2025-04-27 13:14:51 Loading main app package /usr/lib/obsidian/obsidian.asar
2025-04-27 13:14:51 Checking for update using Github
2025-04-27 13:14:51 Success.
2025-04-27 13:14:51 Latest version is 1.8.10
2025-04-27 13:14:51 App is up to date.
2025-04-27 13:38:46 Loading main app package /usr/lib/obsidian/obsidian.asar
2025-04-27 13:38:46 Checking for update using Github
2025-04-27 13:38:46 Success.
2025-04-27 13:38:46 Latest version is 1.8.10
2025-04-27 13:38:46 App is up to date.
2025-05-01 16:55:04 Loading main app package /usr/lib/obsidian/obsidian.asar
2025-05-01 16:55:04 Checking for update using Github
2025-05-01 16:55:05 Success.
2025-05-01 16:55:05 Latest version is 1.8.10
2025-05-01 16:55:05 App is up to date.
2025-05-01 16:57:06 Loading main app package /usr/lib/obsidian/obsidian.asar
2025-05-01 16:57:07 Checking for update using Github
2025-05-01 16:57:07 Success.
2025-05-01 16:57:07 Latest version is 1.8.10
2025-05-01 16:57:07 App is up to date.
2025-05-02 21:41:29 Loading main app package /usr/lib/obsidian/obsidian.asar
2025-05-02 21:41:29 Checking for update using Github
2025-05-02 21:41:30 Success.
2025-05-02 21:41:30 Latest version is 1.8.10
2025-05-02 21:41:30 App is up to date.
2025-05-06 17:52:23 Loading main app package /usr/lib/obsidian/obsidian.asar
2025-05-06 17:52:23 Checking for update using Github
2025-05-06 17:52:23 Success.
2025-05-06 17:52:23 Latest version is 1.8.10
2025-05-06 17:52:23 App is up to date.
2025-05-07 09:22:41 Loading main app package /usr/lib/obsidian/obsidian.asar
2025-05-07 09:22:41 Checking for update using Github
2025-05-07 09:22:42 Success.
2025-05-07 09:22:42 Latest version is 1.8.10
2025-05-07 09:22:42 App is up to date.
2025-05-09 21:32:09 Loading main app package /usr/lib/obsidian/obsidian.asar
2025-05-09 21:32:09 Checking for update using Github
2025-05-09 21:32:10 Success.
2025-05-09 21:32:10 Latest version is 1.8.10
2025-05-09 21:32:10 App is up to date.
2025-05-09 21:38:14 Loading main app package /usr/lib/obsidian/obsidian.asar
2025-05-09 21:38:14 Checking for update using Github
2025-05-09 21:38:15 Success.
2025-05-09 21:38:15 Latest version is 1.8.10
2025-05-09 21:38:15 App is up to date.
2025-05-13 18:42:38 Loading main app package /usr/lib/obsidian/obsidian.asar
2025-05-13 18:42:38 Checking for update using Github
2025-05-13 18:42:38 Success.
2025-05-13 18:42:38 Latest version is 1.8.10
2025-05-13 18:42:38 App is up to date.
2025-05-14 18:23:32 Loading main app package /usr/lib/obsidian/obsidian.asar
2025-05-14 18:23:33 Checking for update using Github
2025-05-14 18:23:33 Success.
2025-05-14 18:23:33 Latest version is 1.8.10
2025-05-14 18:23:33 App is up to date.
2025-05-14 19:23:32 Checking for update using Github
2025-05-14 19:23:33 Success.
2025-05-14 19:23:33 Latest version is 1.8.10
2025-05-14 19:23:33 App is up to date.
2025-05-18 16:37:45 Loading main app package /usr/lib/obsidian/obsidian.asar
2025-05-18 16:37:46 Checking for update using Github
2025-05-18 16:37:46 Success.
2025-05-18 16:37:46 Latest version is 1.8.10
2025-05-18 16:37:46 App is up to date.
2025-05-20 20:27:37 Loading main app package /usr/lib/obsidian/obsidian.asar
2025-05-20 20:27:38 Checking for update using Github
2025-05-20 20:27:38 Success.
2025-05-20 20:27:38 Latest version is 1.8.10
2025-05-20 20:27:38 App is up to date.
2025-05-23 07:33:14 Loading main app package /usr/lib/obsidian/obsidian.asar
2025-05-23 07:33:14 Checking for update using Github
2025-05-23 07:33:15 Success.
2025-05-23 07:33:15 Latest version is 1.8.10
2025-05-23 07:33:15 App is up to date.
2025-05-23 18:12:03 Loading main app package /usr/lib/obsidian/obsidian.asar
2025-05-23 18:12:03 Checking for update using Github
2025-05-23 18:12:03 Success.
2025-05-23 18:12:03 Latest version is 1.8.10
2025-05-23 18:12:03 App is up to date.
2025-05-24 07:56:26 Loading main app package /usr/lib/obsidian/obsidian.asar
2025-05-24 07:56:27 Checking for update using Github
2025-05-24 07:56:27 Failed to check for update using Github (net::ERR_INTERNET_DISCONNECTED)
2025-05-24 07:56:27 Checking for update using obsidian.md
2025-05-24 07:56:27 Failed to check for update using obsidian.md (net::ERR_INTERNET_DISCONNECTED)
2025-05-24 08:56:26 Checking for update using Github
2025-05-24 08:56:27 Success.
2025-05-24 08:56:27 Latest version is 1.8.10
2025-05-24 08:56:27 App is up to date.
2025-05-26 12:49:21 Loading main app package /usr/lib/obsidian/obsidian.asar
2025-05-26 12:49:21 Checking for update using Github
2025-05-26 12:49:21 Success.
2025-05-26 12:49:21 Latest version is 1.8.10
2025-05-26 12:49:21 App is up to date.
2025-05-26 13:36:27 Loading main app package /usr/lib/obsidian/obsidian.asar
2025-05-26 13:36:28 Checking for update using Github
2025-05-26 13:36:28 Success.
2025-05-26 13:36:28 Latest version is 1.8.10
2025-05-26 13:36:28 App is up to date.
2025-05-26 15:19:33 Loading main app package /usr/lib/obsidian/obsidian.asar
2025-05-26 15:19:33 Checking for update using Github
2025-05-26 15:19:34 Success.
2025-05-26 15:19:34 Latest version is 1.8.10
2025-05-26 15:19:34 App is up to date.
2025-05-30 18:06:45 Loading main app package /usr/lib/obsidian/obsidian.asar
2025-05-30 18:06:45 Checking for update using Github
2025-05-30 18:06:45 Success.
2025-05-30 18:06:45 Latest version is 1.8.10
2025-05-30 18:06:45 App is up to date.
2025-05-31 09:43:24 Loading main app package /usr/lib/obsidian/obsidian.asar
2025-05-31 09:43:25 Checking for update using Github
2025-05-31 09:43:25 Success.
2025-05-31 09:43:25 Latest version is 1.8.10
2025-05-31 09:43:25 App is up to date.
2025-05-31 10:43:24 Checking for update using Github
2025-05-31 10:43:24 Success.
2025-05-31 10:43:24 Latest version is 1.8.10
2025-05-31 10:43:24 App is up to date.
2025-05-31 11:43:24 Checking for update using Github
2025-05-31 11:43:24 Success.
2025-05-31 11:43:24 Latest version is 1.8.10
2025-05-31 11:43:24 App is up to date.
2025-05-31 16:46:09 Loading main app package /usr/lib/obsidian/obsidian.asar
2025-05-31 16:46:10 Checking for update using Github
2025-05-31 16:46:10 Success.
2025-05-31 16:46:10 Latest version is 1.8.10
2025-05-31 16:46:10 App is up to date.
2025-05-31 21:00:39 Loading main app package /usr/lib/obsidian/obsidian.asar
2025-05-31 21:00:39 Checking for update using Github
2025-05-31 21:00:40 Success.
2025-05-31 21:00:40 Latest version is 1.8.10
2025-05-31 21:00:40 App is up to date.
2025-06-01 18:14:07 Loading main app package /usr/lib/obsidian/obsidian.asar
2025-06-01 18:14:07 Checking for update using Github
2025-06-01 18:14:08 Success.
2025-06-01 18:14:08 Latest version is 1.8.10
2025-06-01 18:14:08 App is up to date.
2025-06-01 19:14:07 Checking for update using Github
2025-06-01 19:14:07 Success.
2025-06-01 19:14:07 Latest version is 1.8.10
2025-06-01 19:14:07 App is up to date.
2025-06-01 20:14:07 Checking for update using Github
2025-06-01 20:14:07 Success.
2025-06-01 20:14:07 Latest version is 1.8.10
2025-06-01 20:14:07 App is up to date.
2025-06-03 15:15:52 Loading main app package /usr/lib/obsidian/obsidian.asar
2025-06-03 15:15:53 Checking for update using Github
2025-06-03 15:15:53 Success.
2025-06-03 15:15:53 Latest version is 1.8.10
2025-06-03 15:15:53 App is up to date.
2025-06-04 14:52:42 Loading main app package /usr/lib/obsidian/obsidian.asar
2025-06-04 14:52:42 Checking for update using Github
2025-06-04 14:52:43 Success.
2025-06-04 14:52:43 Latest version is 1.8.10
2025-06-04 14:52:43 App is up to date.
2025-06-05 13:11:49 Loading main app package /usr/lib/obsidian/obsidian.asar
2025-06-05 13:11:49 Checking for update using Github
2025-06-05 13:11:50 Success.
2025-06-05 13:11:50 Latest version is 1.8.10
2025-06-05 13:11:50 App is up to date.
